06-27 10:33:31 replicate_layout.action_replicate_layout 305:Plugin executed on: 'darwin'
06-27 10:33:31 replicate_layout.action_replicate_layout 306:Plugin executed with python version: '2.7.16 (default, Dec 23 2020, 16:11:24) \n[GCC 4.2.1 Compatible Apple LLVM 10.0.1 (clang-1001.0.46.4)]'
06-27 10:33:31 replicate_layout.action_replicate_layout 307:KiCad build version: (5.1.9-0-10_14)
06-27 10:33:31 replicate_layout.action_replicate_layout 308:Replicate layout plugin version: 70 started
06-27 10:33:31 replicate_layout.action_replicate_layout 340:Preparing replicator with U5 as a reference
06-27 10:33:31 replicate_layout.replicatelayout 215:getting project hierarchy from schematics
06-27 10:33:31 replicate_layout.replicatelayout 217:Project hierarchy looks like:
{u'60D2AFFB': [u'sheet60D2AFEF', u'/Users/henrychen/Dev/embedded/hardware/uwam_pdm_2021/pdm/fuse_block.sch'], u'60F4D95A': [u'sheet60F4D953', u'/Users/henrychen/Dev/embedded/hardware/uwam_pdm_2021/pdm/Buck Block.sch'], u'5F955F6E': [u'sheet5F955F69', u'/Users/henrychen/Dev/embedded/hardware/uwam_pdm_2021/pdm/fuse_block.sch'], u'5F955EE4': [u'sheet5F955EDF', u'/Users/henrychen/Dev/embedded/hardware/uwam_pdm_2021/pdm/fuse_block.sch'], u'5F94FFF3': [u'fuse_block', u'/Users/henrychen/Dev/embedded/hardware/uwam_pdm_2021/pdm/fuse_block.sch']}
06-27 10:33:31 replicate_layout.replicatelayout 225:getting a list of all footprints on board
06-27 10:33:31 replicate_layout.action_replicate_layout 367:source anchor footprint is u'U5'
Located on:[u'fuse_block']
With filenames:[u'fuse_block.sch']
With sheet_id:[u'fuse_block']
06-27 10:33:31 replicate_layout.action_replicate_layout 371:Corresponding footprints are 
[(u'U10', [u'sheet60D2AFEF']), (u'U5', [u'fuse_block']), (u'U4', [u'sheet5F955F69']), (u'U6', [u'sheet5F955EDF'])]
06-27 10:33:31 replicate_layout.action_replicate_layout 384:Showing dialog
06-27 10:33:31 replicate_layout.action_replicate_layout 388:Pcbnew position: wx.Point(0, 25)
06-27 10:33:31 replicate_layout.action_replicate_layout 394:Display 0: wx.Rect(0, 0, 1440, 900)
06-27 10:33:31 replicate_layout.action_replicate_layout 398:Toolbar position: wx.Point(1234, 131)
06-27 10:33:31 replicate_layout.action_replicate_layout 405:Dialog position: wx.Point(921, 131)
06-27 10:33:34 replicate_layout.replicatelayout 249:construcing a list of sheets suitable for replication on level:u'fuse_block', file:u'fuse_block.sch'
06-27 10:33:34 replicate_layout.replicatelayout 256:Source sheet path up to the level:[u'fuse_block']
06-27 10:33:34 replicate_layout.replicatelayout 260:Footprints on the sheets:
[u'U10', u'U5', u'U4', u'U6']
06-27 10:33:34 replicate_layout.replicatelayout 263:Footprints raw sheet ids:
[u'/60D2AFFB/5F95464C', u'/5F94FFF3/5F95464C', u'/5F955F6E/5F95464C', u'/5F955EE4/5F95464C']
06-27 10:33:34 replicate_layout.replicatelayout 279:All sheets to replicate:
[[u'sheet60D2AFEF'], [u'fuse_block'], [u'sheet5F955F69'], [u'sheet5F955EDF']]
06-27 10:33:34 replicate_layout.replicatelayout 284:All sheets to replicate sorted:
[[u'fuse_block'], [u'sheet5F955EDF'], [u'sheet5F955F69'], [u'sheet60D2AFEF']]
06-27 10:33:34 replicate_layout.replicatelayout 290:All sheets to replicate sorted and without source sheet:
[[u'sheet5F955EDF'], [u'sheet5F955F69'], [u'sheet60D2AFEF']]
06-27 10:33:49 replicate_layout.replicatelayout 249:construcing a list of sheets suitable for replication on level:u'fuse_block', file:u'fuse_block.sch'
06-27 10:33:49 replicate_layout.replicatelayout 256:Source sheet path up to the level:[u'fuse_block']
06-27 10:33:49 replicate_layout.replicatelayout 260:Footprints on the sheets:
[u'U10', u'U5', u'U4', u'U6']
06-27 10:33:49 replicate_layout.replicatelayout 263:Footprints raw sheet ids:
[u'/60D2AFFB/5F95464C', u'/5F94FFF3/5F95464C', u'/5F955F6E/5F95464C', u'/5F955EE4/5F95464C']
06-27 10:33:49 replicate_layout.replicatelayout 279:All sheets to replicate:
[[u'sheet60D2AFEF'], [u'fuse_block'], [u'sheet5F955F69'], [u'sheet5F955EDF']]
06-27 10:33:49 replicate_layout.replicatelayout 284:All sheets to replicate sorted:
[[u'fuse_block'], [u'sheet5F955EDF'], [u'sheet5F955F69'], [u'sheet60D2AFEF']]
06-27 10:33:49 replicate_layout.replicatelayout 290:All sheets to replicate sorted and without source sheet:
[[u'sheet5F955EDF'], [u'sheet5F955F69'], [u'sheet60D2AFEF']]
06-27 10:33:49 replicate_layout.action_replicate_layout 179:Replicating layout
06-27 10:33:49 replicate_layout.replicatelayout 994:Starting replication of sheets: [[u'sheet5F955EDF'], [u'sheet5F955F69'], [u'sheet60D2AFEF']]
on level: [u'fuse_block']
with tracks=True, zone=True, text=True, containing=False, remove=True, locked=False
06-27 10:33:49 root 261:updating GUI message: 'Preparing for replication'
06-27 10:33:49 root 266:updating GUI with: 0
06-27 10:33:49 replicate_layout.replicatelayout 556:Getting the list of source footprints
06-27 10:33:49 root 266:updating GUI with: 0
06-27 10:33:49 replicate_layout.replicatelayout 560:Getting the list of all the remaining footprints
06-27 10:33:49 replicate_layout.replicatelayout 564:Getting nets local to source footprints
06-27 10:33:49 replicate_layout.replicatelayout 568:Getting source bounding box
06-27 10:33:49 root 266:updating GUI with: 37
06-27 10:33:49 replicate_layout.replicatelayout 572:Getting source tracks
06-27 10:33:49 replicate_layout.replicatelayout 576:Getting source zones
06-27 10:33:49 root 266:updating GUI with: 62
06-27 10:33:49 replicate_layout.replicatelayout 580:Getting source text items
06-27 10:33:49 replicate_layout.replicatelayout 584:Getting source text items
06-27 10:33:49 replicate_layout.replicatelayout 1022:Removing tracks and zones, before module placement
06-27 10:33:49 root 261:updating GUI message: 'Removing zones and tracks'
06-27 10:33:49 root 266:updating GUI with: 33
06-27 10:33:49 root 266:updating GUI with: 66
06-27 10:33:49 root 261:updating GUI message: 'Replicating footprints'
06-27 10:33:49 root 266:updating GUI with: 0
06-27 10:33:49 replicate_layout.replicatelayout 590:Replicating footprints
06-27 10:33:49 replicate_layout.replicatelayout 596:Replicating footprints on sheet [u'sheet5F955EDF']
06-27 10:33:49 root 266:updating GUI with: 33
06-27 10:33:49 replicate_layout.replicatelayout 596:Replicating footprints on sheet [u'sheet5F955F69']
06-27 10:33:49 replicate_layout.replicatelayout 596:Replicating footprints on sheet [u'sheet60D2AFEF']
06-27 10:33:49 root 266:updating GUI with: 71
06-27 10:33:49 replicate_layout.replicatelayout 1030:Removing tracks and zones, after module placement
06-27 10:33:49 root 261:updating GUI message: 'Removing zones and tracks'
06-27 10:33:49 root 266:updating GUI with: 33
06-27 10:33:49 root 266:updating GUI with: 66
06-27 10:33:49 root 261:updating GUI message: 'Replicating tracks'
06-27 10:33:49 root 266:updating GUI with: 0
06-27 10:33:49 replicate_layout.replicatelayout 720:Replicating tracks
06-27 10:33:49 replicate_layout.replicatelayout 726:Replicating tracks on sheet [u'sheet5F955EDF']
06-27 10:33:49 replicate_layout.replicatelayout 726:Replicating tracks on sheet [u'sheet5F955F69']
06-27 10:33:49 root 266:updating GUI with: 33
06-27 10:33:49 replicate_layout.replicatelayout 726:Replicating tracks on sheet [u'sheet60D2AFEF']
06-27 10:33:49 root 261:updating GUI message: 'Replicating zones'
06-27 10:33:49 replicate_layout.replicatelayout 771:Replicating zones
06-27 10:33:49 root 266:updating GUI with: 0
06-27 10:33:49 replicate_layout.replicatelayout 778:Replicating zones on sheet [u'sheet5F955EDF']
06-27 10:33:49 root 266:updating GUI with: 33
06-27 10:33:49 replicate_layout.replicatelayout 778:Replicating zones on sheet [u'sheet5F955F69']
06-27 10:33:49 root 266:updating GUI with: 61
06-27 10:33:49 replicate_layout.replicatelayout 778:Replicating zones on sheet [u'sheet60D2AFEF']
06-27 10:33:49 root 266:updating GUI with: 88
06-27 10:33:49 root 261:updating GUI message: 'Replicating text'
06-27 10:33:49 replicate_layout.replicatelayout 837:Replicating text
06-27 10:33:49 replicate_layout.replicatelayout 844:Replicating text on sheet [u'sheet5F955EDF']
06-27 10:33:49 replicate_layout.replicatelayout 844:Replicating text on sheet [u'sheet5F955F69']
06-27 10:33:49 replicate_layout.replicatelayout 844:Replicating text on sheet [u'sheet60D2AFEF']
06-27 10:33:49 root 261:updating GUI message: 'Removing duplicates'
06-27 10:33:50 replicate_layout.action_replicate_layout 201:Replication complete
